[  +78 ms] executing: sysctl hw.optional.arm64
[  +10 ms] Exit code 1 from: sysctl hw.optional.arm64
[        ] sysctl: unknown oid 'hw.optional.arm64'
[  +14 ms] Artifact Instance of 'MaterialFonts' is not required, skipping update.
[        ] Artifact Instance of 'GradleWrapper' is not required, skipping update.
[        ] Artifact Instance of 'AndroidGenSnapshotArtifacts' is not required, skipping update.
[        ] Artifact Instance of 'AndroidInternalBuildArtifacts' is not required, skipping update.
[        ] Artifact Instance of 'IOSEngineArtifacts' is not required, skipping update.
[        ] Artifact Instance of 'FlutterWebSdk' is not required, skipping update.
[   +1 ms] Artifact Instance of 'LegacyCanvasKitRemover' is not required, skipping update.
[        ] Artifact Instance of 'FlutterSdk' is not required, skipping update.
[        ] Artifact Instance of 'WindowsEngineArtifacts' is not required, skipping update.
[        ] Artifact Instance of 'MacOSEngineArtifacts' is not required, skipping update.
[        ] Artifact Instance of 'LinuxEngineArtifacts' is not required, skipping update.
[        ] Artifact Instance of 'LinuxFuchsiaSDKArtifacts' is not required, skipping update.
[        ] Artifact Instance of 'MacOSFuchsiaSDKArtifacts' is not required, skipping update.
[        ] Artifact Instance of 'FlutterRunnerSDKArtifacts' is not required, skipping update.
[        ] Artifact Instance of 'FlutterRunnerDebugSymbols' is not required, skipping update.
[        ] Artifact Instance of 'IosUsbArtifacts' is not required, skipping update.
[        ] Artifact Instance of 'IosUsbArtifacts' is not required, skipping update.
[        ] Artifact Instance of 'IosUsbArtifacts' is not required, skipping update.
[        ] Artifact Instance of 'IosUsbArtifacts' is not required, skipping update.
[        ] Artifact Instance of 'IosUsbArtifacts' is not required, skipping update.
[        ] Artifact Instance of 'IosUsbArtifacts' is not required, skipping update.
[        ] Artifact Instance of 'FontSubsetArtifacts' is not required, skipping update.
[        ] Artifact Instance of 'PubDependencies' is not required, skipping update.
[   +3 ms] executing: [/usr/local/share/flutter/] git -c log.showSignature=false log HEAD -n 1 --pretty=format:%ad --date=iso
[  +33 ms] Exit code 0 from: git -c log.showSignature=false log HEAD -n 1 --pretty=format:%ad --date=iso
[        ] 2026-02-18 13:54:59 -0800
[  +63 ms] executing: sysctl hw.optional.arm64
[   +9 ms] Exit code 1 from: sysctl hw.optional.arm64
[        ] sysctl: unknown oid 'hw.optional.arm64'
[        ] executing: xcrun xcodebuild -version
[  +15 ms] Exit code 72 from: xcrun xcodebuild -version
[        ] xcrun: error: unable to find utility "xcodebuild", not a developer tool or in PATH
[        ] Xcode not found. Run 'flutter doctor' for more information.
[  +11 ms] Artifact Instance of 'AndroidGenSnapshotArtifacts' is not required, skipping update.
[        ] Artifact Instance of 'AndroidInternalBuildArtifacts' is not required, skipping update.
[        ] Artifact Instance of 'IOSEngineArtifacts' is not required, skipping update.
[        ] Artifact Instance of 'FlutterWebSdk' is not required, skipping update.
[        ] Artifact Instance of 'FlutterEngineStamp' is not required, skipping update.
[        ] Artifact Instance of 'LegacyCanvasKitRemover' is not required, skipping update.
[   +6 ms] Artifact Instance of 'WindowsEngineArtifacts' is not required, skipping update.
[        ] Artifact Instance of 'MacOSEngineArtifacts' is not required, skipping update.
[        ] Artifact Instance of 'LinuxEngineArtifacts' is not required, skipping update.
[        ] Artifact Instance of 'LinuxFuchsiaSDKArtifacts' is not required, skipping update.
[        ] Artifact Instance of 'MacOSFuchsiaSDKArtifacts' is not required, skipping update.
[        ] Artifact Instance of 'FlutterRunnerSDKArtifacts' is not required, skipping update.
[        ] Artifact Instance of 'FlutterRunnerDebugSymbols' is not required, skipping update.
[  +69 ms] executing: /Users/atharvainteractives/Library/Android/sdk/platform-tools/adb devices -l
[   +4 ms] executing: xcrun xcodebuild -version
[  +15 ms] Exit code 72 from: xcrun xcodebuild -version
[        ] xcrun: error: unable to find utility "xcodebuild", not a developer tool or in PATH
[   +5 ms] executing: xcrun simctl list devices booted
[  +84 ms] List of devices attached
           emulator-5554          device product:sdk_gphone64_x86_64 model:sdk_gphone64_x86_64 device:emu64xa transport_id:1
[   +8 ms] /Users/atharvainteractives/Library/Android/sdk/platform-tools/adb -s emulator-5554 shell getprop
[ +203 ms] Artifact Instance of 'AndroidInternalBuildArtifacts' is not required, skipping update.
[        ] Artifact Instance of 'IOSEngineArtifacts' is not required, skipping update.
[        ] Artifact Instance of 'FlutterWebSdk' is not required, skipping update.
[        ] Artifact Instance of 'FlutterEngineStamp' is not required, skipping update.
[        ] Artifact Instance of 'LegacyCanvasKitRemover' is not required, skipping update.
[   +1 ms] Artifact Instance of 'WindowsEngineArtifacts' is not required, skipping update.
[        ] Artifact Instance of 'MacOSEngineArtifacts' is not required, skipping update.
[        ] Artifact Instance of 'LinuxEngineArtifacts' is not required, skipping update.
[        ] Artifact Instance of 'LinuxFuchsiaSDKArtifacts' is not required, skipping update.
[        ] Artifact Instance of 'MacOSFuchsiaSDKArtifacts' is not required, skipping update.
[        ] Artifact Instance of 'FlutterRunnerSDKArtifacts' is not required, skipping update.
[        ] Artifact Instance of 'FlutterRunnerDebugSymbols' is not required, skipping update.
[  +36 ms] executing: xcrun xcodebuild -version
[  +16 ms] Exit code 72 from: xcrun xcodebuild -version
[        ] xcrun: error: unable to find utility "xcodebuild", not a developer tool or in PATH
[ +129 ms] ro.hardware = ranchu
[ +114 ms] Initializing file store
[  +21 ms] Skipping target: gen_localizations
[   +4 ms] gen_dart_plugin_registrant: Starting due to {InvalidatedReasonKind.inputChanged: The following inputs have updated contents: /Users/atharvainteractives/.gemini/antigravity/scratch/sahaayak/flutter_sahaayak/.dart_tool/package_config.json,/Users/atharvainteractives/.gemini/antigravity/scratch/sahaayak/flutter_sahaayak/.dart_tool/flutter_build/dart_plugin_registrant.dart}
[  +95 ms] Found plugin shared_preferences at /Users/atharvainteractives/.pub-cache/hosted/pub.dev/shared_preferences-2.5.4/
[   +8 ms] Found plugin shared_preferences_windows at /Users/atharvainteractives/.pub-cache/hosted/pub.dev/shared_preferences_windows-2.4.1/
[  +14 ms] Found plugin path_provider_windows at /Users/atharvainteractives/.pub-cache/hosted/pub.dev/path_provider_windows-2.3.0/
[   +7 ms] Found plugin shared_preferences_web at /Users/atharvainteractives/.pub-cache/hosted/pub.dev/shared_preferences_web-2.4.3/
[   +5 ms] Found plugin shared_preferences_linux at /Users/atharvainteractives/.pub-cache/hosted/pub.dev/shared_preferences_linux-2.4.1/
[   +8 ms] Found plugin path_provider_linux at /Users/atharvainteractives/.pub-cache/hosted/pub.dev/path_provider_linux-2.2.1/
[   +4 ms] Found plugin shared_preferences_foundation at /Users/atharvainteractives/.pub-cache/hosted/pub.dev/shared_preferences_foundation-2.5.6/
[   +4 ms] Found plugin shared_preferences_android at /Users/atharvainteractives/.pub-cache/hosted/pub.dev/shared_preferences_android-2.4.20/
[  +13 ms] Found plugin path_provider at /Users/atharvainteractives/.pub-cache/hosted/pub.dev/path_provider-2.1.5/
[   +2 ms] Found plugin path_provider_foundation at /Users/atharvainteractives/.pub-cache/hosted/pub.dev/path_provider_foundation-2.6.0/
[  +17 ms] Found plugin path_provider_android at /Users/atharvainteractives/.pub-cache/hosted/pub.dev/path_provider_android-2.2.22/
[  +49 ms] Skipping generating dart_plugin_registrant.dart because it is up-to-date.
[        ] gen_dart_plugin_registrant: Complete
[   +5 ms] Skipping target: _composite
[   +3 ms] complete
[   +7 ms] Launching lib/main.dart on sdk gphone64 x86 64 in debug mode...
[   +6 ms] /usr/local/share/flutter/bin/cache/dart-sdk/bin/dartaotruntime /usr/local/share/flutter/bin/cache/dart-sdk/bin/snapshots/frontend_server_aot.dart.snapshot --sdk-root /usr/local/share/flutter/bin/cache/artifacts/engine/common/flutter_patched_sdk/ --incremental --target=flutter --experimental-emit-debug-metadata -DFLUTTER_VERSION=3.41.2 -DFLUTTER_CHANNEL=stable -DFLUTTER_GIT_URL=https://github.com/flutter/flutter.git -DFLUTTER_FRAMEWORK_REVISION=90673a4eef -DFLUTTER_ENGINE_REVISION=6c0baaebf7 -DFLUTTER_DART_VERSION=3.11.0 --output-dill /var/folders/3t/8tpgcrgn4_9f3hqcl7c_f7300000gn/T/flutter_tools.uKUITt/flutter_tool.wQICGJ/app.dill --packages /Users/atharvainteractives/.gemini/antigravity/scratch/sahaayak/flutter_sahaayak/.dart_tool/package_config.json -Ddart.vm.profile=false -Ddart.vm.product=false --enable-asserts --track-widget-creation --filesystem-scheme org-dartlang-root --initialize-from-dill build/6f4a15e49d0bc622ec76656f5f470141.cache.dill.track.dill --source file:///Users/atharvainteractives/.gemini/antigravity/scratch/sahaayak/flutter_sahaayak/.dart_tool/flutter_build/dart_plugin_registrant.dart --source package:flutter/src/dart_plugin_registrant.dart -Dflutter.dart_plugin_registrant=file:///Users/atharvainteractives/.gemini/antigravity/scratch/sahaayak/flutter_sahaayak/.dart_tool/flutter_build/dart_plugin_registrant.dart --verbosity=error --enable-experiment=alternative-invalidation-strategy
[  +13 ms] executing: /Users/atharvainteractives/Library/Android/sdk/platform-tools/adb -s emulator-5554 shell -x logcat -v time -t 1
[  +16 ms] <- compile package:flutter_sahaayak/main.dart
[ +303 ms] --------- beginning of main
           02-25 17:07:14.290 W/ziparchive( 9969): Unable to open '/data/user_de/0/com.google.android.gms/app_chimera/m/00000007/MeasurementDynamite.dm': No such file or directory
[  +14 ms] executing: /Users/atharvainteractives/Library/Android/sdk/platform-tools/adb version
[  +56 ms] Android Debug Bridge version 1.0.41
           Version 36.0.2-14143358
           Installed as /Users/atharvainteractives/Library/Android/sdk/platform-tools/adb
           Running on Darwin 25.2.0 (x86_64)
[   +2 ms] executing: /Users/atharvainteractives/Library/Android/sdk/platform-tools/adb start-server
[  +56 ms] Building APK
[ +173 ms] executing: /usr/bin/plutil -convert xml1 -o - /Applications/Android Studio.app/Contents/Info.plist
[  +16 ms] Exit code 0 from: /usr/bin/plutil -convert xml1 -o - /Applications/Android Studio.app/Contents/Info.plist
[        ] <?xml version="1.0" encoding="UTF-8"?>
           <!DOCTYPE plist PUBLIC "-//Apple//DTD PLIST 1.0//EN" "http://www.apple.com/DTDs/PropertyList-1.0.dtd">
           <plist version="1.0">
           <dict>
           	<key>CFBundleDevelopmentRegion</key>
           	<string>English</string>
           	<key>CFBundleDocumentTypes</key>
           	<array>
           		<dict>
           			<key>CFBundleTypeExtensions</key>
           			<array>
           				<string>ipr</string>
           			</array>
           			<key>CFBundleTypeIconFile</key>
           			<string>studio.icns</string>
           			<key>CFBundleTypeName</key>
           			<string>Android Studio Project File</string>
           			<key>CFBundleTypeRole</key>
           			<string>Editor</string>
           		</dict>
           		<dict>
           			<key>CFBundleTypeExtensions</key>
           			<array>
           				<string>*</string>
           			</array>
           			<key>CFBundleTypeName</key>
           			<string>All documents</string>
           			<key>CFBundleTypeOSTypes</key>
           			<array>
           				<string>****</string>
           			</array>
           			<key>CFBundleTypeRole</key>
           			<string>Editor</string>
           			<key>LSTypeIsPackage</key>
           			<false/>
           		</dict>
           	</array>
           	<key>CFBundleExecutable</key>
           	<string>studio</string>
           	<key>CFBundleGetInfoString</key>
           	<string>Android Studio 2025.3, build AI-253.29346.138.2531.14876573. Copyright JetBrains s.r.o., (c) 2000-2026</string>
           	<key>CFBundleIconFile</key>
           	<string>studio.icns</string>
           	<key>CFBundleIdentifier</key>
           	<string>com.google.android.studio</string>
           	<key>CFBundleInfoDictionaryVersion</key>
           	<string>6.0</string>
           	<key>CFBundleName</key>
           	<string>Android Studio</string>
           	<key>CFBundlePackageType</key>
           	<string>APPL</string>
           	<key>CFBundleShortVersionString</key>
           	<string>2025.3</string>
           	<key>CFBundleURLTypes</key>
           	<array>
           		<dict>
           			<key>CFBundleTypeRole</key>
           			<string>Editor</string>
           			<key>CFBundleURLName</key>
           			<string>Stacktrace</string>
           			<key>CFBundleURLSchemes</key>
           			<array>
           				<string>idea</string>
           			</array>
           		</dict>
           	</array>
           	<key>CFBundleVersion</key>
           	<string>AI-253.29346.138.2531.14876573</string>
           	<key>LSApplicationCategoryType</key>
           	<string>public.app-category.developer-tools</string>
           	<key>LSArchitecturePriority</key>
           	<array>
           		<string>x86_64</string>
           	</array>
           	<key>LSMinimumSystemVersion</key>
           	<string>10.13</string>
           	<key>LSRequiresNativeExecution</key>
           	<string>YES</string>
           	<key>NSAppleEventsUsageDescription</key>
           	<string>An application in Android Studio requests the ability to send Apple events.</string>
           	<key>NSBluetoothAlwaysUsageDescription</key>
           	<string>An application in Android Studio requests access to Bluetooth.</string>
           	<key>NSCameraUsageDescription</key>
           	<string>An application in Android Studio requests access to the device's camera.</string>
           	<key>NSDesktopFolderUsageDescription</key>
           	<string>An application in Android Studio requests access to the user's Desktop folder.</string>
           	<key>NSDocumentsFolderUsageDescription</key>
           	<string>An application in Android Studio requests access to the user's Documents folder.</string>
           	<key>NSDownloadsFolderUsageDescription</key>
           	<string>An application in Android Studio requests access to the user's Downloads folder.</string>
           	<key>NSHighResolutionCapable</key>
           	<true/>
           	<key>NSLocalNetworkUsageDescription</key>
           	<string>Android Studio's features, such as SSH and database connectivity, require permissions for accessing the local network and sending broadcast requests.</string>
           	<key>NSLocationUsageDescription</key>
           	<string>An application in Android Studio requests access to the user's location information.</string>
           	<key>NSMicrophoneUsageDescription</key>
           	<string>An application in Android Studio requests access to the device's microphone.</string>
           	<key>NSNetworkVolumesUsageDescription</key>
           	<string>An application in Android Studio requests access to files on a network volume.</string>
           	<key>NSRemovableVolumesUsageDescription</key>
           	<string>An application in Android Studio requests access to files on a removable volume.</string>
           	<key>NSSupportsAutomaticGraphicsSwitching</key>
           	<true/>
           </dict>
           </plist>
[  +16 ms] executing: /Applications/Android Studio.app/Contents/jbr/Contents/Home/bin/java -version
[ +153 ms] Exit code 0 from: /Applications/Android Studio.app/Contents/jbr/Contents/Home/bin/java -version
[        ] openjdk version "21.0.9" 2025-10-21
           OpenJDK Runtime Environment (build 21.0.9+-14649483-b1163.86)
           OpenJDK 64-Bit Server VM (build 21.0.9+-14649483-b1163.86, mixed mode)
[  +20 ms] executing: /Applications/Android Studio.app/Contents/jbr/Contents/Home/bin/java --version
[ +142 ms] Exit code 0 from: /Applications/Android Studio.app/Contents/jbr/Contents/Home/bin/java --version
[        ] openjdk 21.0.9 2025-10-21
           OpenJDK Runtime Environment (build 21.0.9+-14649483-b1163.86)
           OpenJDK 64-Bit Server VM (build 21.0.9+-14649483-b1163.86, mixed mode)
[   +3 ms] Version of Java is different than impacted version, no migration attempted.
[   +5 ms] CMake project not found, skipping support Android 15 16k page size migration.
[   +7 ms] Using gradle from /Users/atharvainteractives/.gemini/antigravity/scratch/sahaayak/flutter_sahaayak/android/gradlew.
[  +27 ms] LocalFile: '/Users/atharvainteractives/.gemini/antigravity/scratch/sahaayak/flutter_sahaayak/android/build.gradle' doesn't provide an AGP version. Checking settings.
[   +1 ms] LocalFile: '/Users/atharvainteractives/.gemini/antigravity/scratch/sahaayak/flutter_sahaayak/android/settings.gradle' provides AGP version: 8.2.1
[   +6 ms] Running Gradle task 'assembleDebug'...
[   +1 ms] executing: [/Users/atharvainteractives/.gemini/antigravity/scratch/sahaayak/flutter_sahaayak/android/] /Users/atharvainteractives/.gemini/antigravity/scratch/sahaayak/flutter_sahaayak/android/gradlew --full-stacktrace --info -Pverbose=true -Ptarget-platform=android-x64 -Ptarget=/Users/atharvainteractives/.gemini/antigravity/scratch/sahaayak/flutter_sahaayak/lib/main.dart -Pbase-application-name=android.app.Application -Pdart-defines=RkxVVFRFUl9WRVJTSU9OPTMuNDEuMg==,RkxVVFRFUl9DSEFOTkVMPXN0YWJsZQ==,RkxVVFRFUl9HSVRfVVJMPWh0dHBzOi8vZ2l0aHViLmNvbS9mbHV0dGVyL2ZsdXR0ZXIuZ2l0,RkxVVFRFUl9GUkFNRVdPUktfUkVWSVNJT049OTA2NzNhNGVlZg==,RkxVVFRFUl9FTkdJTkVfUkVWSVNJT049NmMwYmFhZWJmNw==,RkxVVFRFUl9EQVJUX1ZFUlNJT049My4xMS4w -Pdart-obfuscation=false -Ptrack-widget-creation=true -Ptree-shake-icons=false -Pfilesystem-scheme=org-dartlang-root assembleDebug
[+1143 ms] Initialized native services in: /Users/atharvainteractives/.gradle/native
[        ] Initialized jansi services in: /Users/atharvainteractives/.gradle/native
[ +116 ms] Received JVM installation metadata from '/Applications/Android Studio.app/Contents/jbr/Contents/Home': {JAVA_HOME=/Applications/Android Studio.app/Contents/jbr/Contents/Home, JAVA_VERSION=21.0.9, JAVA_VENDOR=JetBrains s.r.o., RUNTIME_NAME=OpenJDK Runtime Environment, RUNTIME_VERSION=21.0.9+-14649483-b1163.86, VM_NAME=OpenJDK 64-Bit Server VM, VM_VERSION=21.0.9+-14649483-b1163.86, VM_VENDOR=JetBrains s.r.o., OS_ARCH=x86_64}
[ +300 ms] Found daemon DaemonInfo{pid=58232, address=[90e8efa3-41dd-4439-99af-7eaa8cf0e2d8 port:61532, addresses:[/127.0.0.1]], state=Idle, lastBusy=1772014753464, context=DefaultDaemonContext[uid=83d15fb9-8562-4dae-8b14-1a414805af1d,javaHome=/usr/local/Cellar/openjdk@11/11.0.30/libexec/openjdk.jdk/Contents/Home,daemonRegistryDir=/Users/atharvainteractives/.gradle/daemon,pid=58232,idleTimeout=10800000,priority=NORMAL,applyInstrumentationAgent=true,daemonOpts=-XX:MaxMetaspaceSize=4G,-XX:ReservedCodeCacheSize=512m,-XX:+HeapDumpOnOutOfMemoryError,--add-opens=java.base/java.util=ALL-UNNAMED,--add-opens=java.base/java.lang=ALL-UNNAMED,--add-opens=java.base/java.lang.invoke=ALL-UNNAMED,--add-opens=java.prefs/java.util.prefs=ALL-UNNAMED,--add-opens=java.base/java.nio.charset=ALL-UNNAMED,--add-opens=java.base/java.net=ALL-UNNAMED,--add-opens=java.base/java.util.concurrent.atomic=ALL-UNNAMED,-Xmx8G,-Dfile.encoding=utf8,-Duser.country=GB,-Duser.language=en,-Duser.variant]} however its context does not match the desired criteria.
[        ] Java home is different.
[   +2 ms] Wanted: DefaultDaemonContext[uid=null,javaHome=/Applications/Android Studio.app/Contents/jbr/Contents/Home,daemonRegistryDir=/Users/atharvainteractives/.gradle/daemon,pid=70721,idleTimeout=null,priority=NORMAL,applyInstrumentationAgent=true,daemonOpts=-XX:MaxMetaspaceSize=4G,-XX:ReservedCodeCacheSize=512m,-XX:+HeapDumpOnOutOfMemoryError,--add-opens=java.base/java.util=ALL-UNNAMED,--add-opens=java.base/java.lang=ALL-UNNAMED,--add-opens=java.base/java.lang.invoke=ALL-UNNAMED,--add-opens=java.prefs/java.util.prefs=ALL-UNNAMED,--add-opens=java.base/java.nio.charset=ALL-UNNAMED,--add-opens=java.base/java.net=ALL-UNNAMED,--add-opens=java.base/java.util.concurrent.atomic=ALL-UNNAMED,-Xmx8G,-Dfile.encoding=UTF-8,-Duser.country=GB,-Duser.language=en,-Duser.variant]
[        ] Actual: DefaultDaemonContext[uid=83d15fb9-8562-4dae-8b14-1a414805af1d,javaHome=/usr/local/Cellar/openjdk@11/11.0.30/libexec/openjdk.jdk/Contents/Home,daemonRegistryDir=/Users/atharvainteractives/.gradle/daemon,pid=58232,idleTimeout=10800000,priority=NORMAL,applyInstrumentationAgent=true,daemonOpts=-XX:MaxMetaspaceSize=4G,-XX:ReservedCodeCacheSize=512m,-XX:+HeapDumpOnOutOfMemoryError,--add-opens=java.base/java.util=ALL-UNNAMED,--add-opens=java.base/java.lang=ALL-UNNAMED,--add-opens=java.base/java.lang.invoke=ALL-UNNAMED,--add-opens=java.prefs/java.util.prefs=ALL-UNNAMED,--add-opens=java.base/java.nio.charset=ALL-UNNAMED,--add-opens=java.base/java.net=ALL-UNNAMED,--add-opens=java.base/java.util.concurrent.atomic=ALL-UNNAMED,-Xmx8G,-Dfile.encoding=utf8,-Duser.country=GB,-Duser.language=en,-Duser.variant]
[        ]   Looking for a different daemon...
[        ] Found daemon DaemonInfo{pid=62366, address=[1f81db66-637d-4857-a994-a1c46036395f port:62969, addresses:[/127.0.0.1]], state=Idle, lastBusy=1772015989442, context=DefaultDaemonContext[uid=d19c29c8-04e0-4b6f-ba41-7c0932564b96,javaHome=/usr/local/Cellar/openjdk@11/11.0.30/libexec/openjdk.jdk/Contents/Home,daemonRegistryDir=/Users/atharvainteractives/.gradle/daemon,pid=62366,idleTimeout=10800000,priority=NORMAL,applyInstrumentationAgent=true,daemonOpts=-XX:MaxMetaspaceSize=4G,-XX:ReservedCodeCacheSize=512m,-XX:+HeapDumpOnOutOfMemoryError,--add-opens=java.base/java.util=ALL-UNNAMED,--add-opens=java.base/java.lang=ALL-UNNAMED,--add-opens=java.base/java.lang.invoke=ALL-UNNAMED,--add-opens=java.prefs/java.util.prefs=ALL-UNNAMED,--add-opens=java.base/java.nio.charset=ALL-UNNAMED,--add-opens=java.base/java.net=ALL-UNNAMED,--add-opens=java.base/java.util.concurrent.atomic=ALL-UNNAMED,-Xmx8G,-Dfile.encoding=UTF-8,-Duser.country=GB,-Duser.language=en,-Duser.variant]} however its context does not match the desired criteria.
[        ] Java home is different.
[        ] Wanted: DefaultDaemonContext[uid=null,javaHome=/Applications/Android Studio.app/Contents/jbr/Contents/Home,daemonRegistryDir=/Users/atharvainteractives/.gradle/daemon,pid=70721,idleTimeout=null,priority=NORMAL,applyInstrumentationAgent=true,daemonOpts=-XX:MaxMetaspaceSize=4G,-XX:ReservedCodeCacheSize=512m,-XX:+HeapDumpOnOutOfMemoryError,--add-opens=java.base/java.util=ALL-UNNAMED,--add-opens=java.base/java.lang=ALL-UNNAMED,--add-opens=java.base/java.lang.invoke=ALL-UNNAMED,--add-opens=java.prefs/java.util.prefs=ALL-UNNAMED,--add-opens=java.base/java.nio.charset=ALL-UNNAMED,--add-opens=java.base/java.net=ALL-UNNAMED,--add-opens=java.base/java.util.concurrent.atomic=ALL-UNNAMED,-Xmx8G,-Dfile.encoding=UTF-8,-Duser.country=GB,-Duser.language=en,-Duser.variant]
[        ] Actual: DefaultDaemonContext[uid=d19c29c8-04e0-4b6f-ba41-7c0932564b96,javaHome=/usr/local/Cellar/openjdk@11/11.0.30/libexec/openjdk.jdk/Contents/Home,daemonRegistryDir=/Users/atharvainteractives/.gradle/daemon,pid=62366,idleTimeout=10800000,priority=NORMAL,applyInstrumentationAgent=true,daemonOpts=-XX:MaxMetaspaceSize=4G,-XX:ReservedCodeCacheSize=512m,-XX:+HeapDumpOnOutOfMemoryError,--add-opens=java.base/java.util=ALL-UNNAMED,--add-opens=java.base/java.lang=ALL-UNNAMED,--add-opens=java.base/java.lang.invoke=ALL-UNNAMED,--add-opens=java.prefs/java.util.prefs=ALL-UNNAMED,--add-opens=java.base/java.nio.charset=ALL-UNNAMED,--add-opens=java.base/java.net=ALL-UNNAMED,--add-opens=java.base/java.util.concurrent.atomic=ALL-UNNAMED,-Xmx8G,-Dfile.encoding=UTF-8,-Duser.country=GB,-Duser.language=en,-Duser.variant]
[        ]   Looking for a different daemon...
[  +90 ms] The client will now receive all logging from the daemon (pid: 34019). The daemon log file: /Users/atharvainteractives/.gradle/daemon/8.3/daemon-34019.out.log
[        ] Starting 39th build in daemon [uptime: 3 hrs 21 mins 16.838 secs, performance: 99%, GC rate: 0.00/s, heap usage: 0% of 8 GiB, non-heap usage: 4% of 4 GiB]
[        ] Using 12 worker leases.
[        ] Now considering [/Users/atharvainteractives/.gemini/antigravity/scratch/sahaayak/flutter_sahaayak/android, /usr/local/share/flutter/packages/flutter_tools/gradle] as hierarchies to watch
[        ] Watching 2 directory hierarchies to track changes
[        ] Watching the file system is configured to be enabled if available
[        ] File system watching is active
[        ] Starting Build
[        ] Now considering [/usr/local/share/flutter/packages/flutter_tools/gradle, /Users/atharvainteractives/.gemini/antigravity/scratch/sahaayak/flutter_sahaayak/android] as hierarchies to watch
[        ] Watching 2 directory hierarchies to track changes
[ +100 ms] > Configure project :gradle
[        ] Evaluating project ':gradle' using build file '/usr/local/share/flutter/packages/flutter_tools/gradle/build.gradle.kts'.
[        ] The configuration detachedConfiguration1 is both resolvable and consumable. This is considered a legacy configuration and it will eventually only be possible to be one of these.
[        ] The configuration detachedConfiguration1 is both consumable and declarable. This combination is incorrect, only one of these flags should be set.
[        ] The configuration detachedConfiguration1 is both resolvable and consumable. This is considered a legacy configuration and it will eventually only be possible to be one of these.
[        ] The configuration detachedConfiguration1 is both consumable and declarable. This combination is incorrect, only one of these flags should be set.
[        ] The configuration detachedConfiguration2 is both resolvable and consumable. This is considered a legacy configuration and it will eventually only be possible to be one of these.
[        ] The configuration detachedConfiguration2 is both consumable and declarable. This combination is incorrect, only one of these flags should be set.
[        ] The configuration detachedConfiguration2 is both resolvable and consumable. This is considered a legacy configuration and it will eventually only be possible to be one of these.
[        ] The configuration detachedConfiguration2 is both consumable and declarable. This combination is incorrect, only one of these flags should be set.
[        ] The configuration :gradle:classpath is both resolvable and consumable. This is considered a legacy configuration and it will eventually only be possible to be one of these.
[   +1 ms] The configuration :gradle:classpath is both consumable and declarable. This combination is incorrect, only one of these flags should be set.
[        ] The configuration :gradle:classpath is both resolvable and consumable. This is considered a legacy configuration and it will eventually only be possible to be one of these.
[        ] The configuration :gradle:classpath is both consumable and declarable. This combination is incorrect, only one of these flags should be set.
[        ] Using Kotlin Gradle Plugin gradle81 variant
[        ] kotlin scripting plugin: created the scripting discovery configuration: kotlinScriptDef
[        ] kotlin scripting plugin: created the scripting discovery configuration: testKotlinScriptDef
[        ] WARNING: Unsupported Kotlin plugin version.
[        ] The `embedded-kotlin` and `kotlin-dsl` plugins rely on features of Kotlin `1.9.0` that might work differently than in the requested version `1.9.20`.
[        ] file or directory '/usr/local/share/flutter/packages/flutter_tools/gradle/src/main/java', not found
[        ] Caching disabled for Kotlin DSL accessors for project ':gradle' because:
[        ]   Build cache is disabled
[        ] Skipping Kotlin DSL accessors for project ':gradle' as it is up-to-date.
[        ] The configuration detachedConfiguration1 is both resolvable and consumable. This is considered a legacy configuration and it will eventually only be possible to be one of these.
[        ] The configuration detachedConfiguration1 is both consumable and declarable. This combination is incorrect, only one of these flags should be set.
[        ] The configuration detachedConfiguration1 is both resolvable and consumable. This is considered a legacy configuration and it will eventually only be possible to be one of these.
[        ] The configuration detachedConfiguration1 is both consumable and declarable. This combination is incorrect, only one of these flags should be set.
[        ] The configuration detachedConfiguration2 is both resolvable and consumable. This is considered a legacy configuration and it will eventually only be possible to be one of these.
[        ] The configuration detachedConfiguration2 is both consumable and declarable. This combination is incorrect, only one of these flags should be set.
[        ] The configuration detachedConfiguration2 is both resolvable and consumable. This is considered a legacy configuration and it will eventually only be possible to be one of these.
[        ] The configuration detachedConfiguration2 is both consumable and declarable. This combination is incorrect, only one of these flags should be set.
[        ] The configuration classpath is both resolvable and consumable. This is considered a legacy configuration and it will eventually only be possible to be one of these.
[        ] The configuration classpath is both consumable and declarable. This combination is incorrect, only one of these flags should be set.
[        ] The configuration :gradle:mainSourceElements is both consumable and declarable. This combination is incorrect, only one of these flags should be set.
[        ] Resolve mutations for :gradle:checkKotlinGradlePluginConfigurationErrors (Thread[#4967,Execution worker,5,main]) started.
[        ] :gradle:checkKotlinGradlePluginConfigurationErrors (Thread[#4967,Execution worker,5,main]) started.
[        ] > Task :gradle:checkKotlinGradlePluginConfigurationErrors
[        ] Caching disabled for task ':gradle:checkKotlinGradlePluginConfigurationErrors' because:
[        ]   Build cache is disabled
[        ] Task ':gradle:checkKotlinGradlePluginConfigurationErrors' is not up-to-date because:
[        ]   Task has not declared any outputs despite executing actions.
[        ] Resolve mutations for :gradle:compileKotlin (Thread[#4967,Execution worker,5,main]) started.
[        ] :gradle:compileKotlin (Thread[#4967,Execution worker,5,main]) started.
[  +82 ms] > Task :gradle:compileKotlin UP-TO-DATE
[        ] Transforming gradle-api-8.3.jar with ClasspathEntrySnapshotTransform
[        ] Transforming groovy-3.0.17.jar with ClasspathEntrySnapshotTransform
[        ] Transforming groovy-ant-3.0.17.jar with ClasspathEntrySnapshotTransform
[        ] Transforming groovy-astbuilder-3.0.17.jar with ClasspathEntrySnapshotTransform
[        ] Transforming groovy-console-3.0.17.jar with ClasspathEntrySnapshotTransform
[        ] Transforming groovy-datetime-3.0.17.jar with ClasspathEntrySnapshotTransform
[        ] Transforming groovy-dateutil-3.0.17.jar with ClasspathEntrySnapshotTransform
[        ] Transforming groovy-groovydoc-3.0.17.jar with ClasspathEntrySnapshotTransform
[        ] Transforming groovy-json-3.0.17.jar with ClasspathEntrySnapshotTransform
[        ] Transforming groovy-nio-3.0.17.jar with ClasspathEntrySnapshotTransform
[        ] Transforming groovy-sql-3.0.17.jar with ClasspathEntrySnapshotTransform
[        ] Transforming groovy-templates-3.0.17.jar with ClasspathEntrySnapshotTransform
[        ] Transforming groovy-test-3.0.17.jar with ClasspathEntrySnapshotTransform
[        ] Transforming groovy-xml-3.0.17.jar with ClasspathEntrySnapshotTransform
[        ] Transforming javaparser-core-3.17.0.jar with ClasspathEntrySnapshotTransform
[        ] Transforming kotlin-stdlib-1.9.0.jar with ClasspathEntrySnapshotTransform
[        ] Transforming kotlin-stdlib-common-1.9.0.jar with ClasspathEntrySnapshotTransform
[        ] Transforming kotlin-reflect-1.9.0.jar with ClasspathEntrySnapshotTransform
[        ] Transforming kotlin-stdlib-jdk7-1.9.0.jar with ClasspathEntrySnapshotTransform
[        ] Transforming kotlin-stdlib-jdk8-1.9.0.jar with ClasspathEntrySnapshotTransform
[        ] Transforming gradle-installation-beacon-8.3.jar with ClasspathEntrySnapshotTransform
[        ] Transforming gradle-kotlin-dsl-extensions-8.3.jar with ClasspathEntrySnapshotTransform
[        ] Transforming gradle-kotlin-dsl-8.3.jar with ClasspathEntrySnapshotTransform
[        ] Transforming gradle-kotlin-dsl-tooling-models-8.3.jar with ClasspathEntrySnapshotTransform
[        ] Transforming annotation-jvm-1.9.1.jar with ClasspathEntrySnapshotTransform
[        ] Transforming gradle-8.11.1.jar with ClasspathEntrySnapshotTransform
[        ] Transforming kotlin-reflect-1.9.0.jar with ClasspathEntrySnapshotTransform
[        ] Transforming kotlin-stdlib-jdk7-1.9.0.jar with ClasspathEntrySnapshotTransform
[        ] Transforming kotlinx-serialization-json-jvm-1.4.0.jar with ClasspathEntrySnapshotTransform
[        ] Transforming kotlinx-serialization-core-jvm-1.4.0.jar with ClasspathEntrySnapshotTransform
[        ] Transforming kotlin-stdlib-1.9.24.jar with ClasspathEntrySnapshotTransform
[        ] Transforming kotlin-stdlib-jdk8-1.9.0.jar with ClasspathEntrySnapshotTransform
[        ] Transforming kotlin-gradle-plugin-1.8.0-gradle76.jar with ClasspathEntrySnapshotTransform
[        ] Transforming builder-8.11.1.jar with ClasspathEntrySnapshotTransform
[        ] Transforming builder-model-8.11.1.jar with ClasspathEntrySnapshotTransform
[        ] Transforming gradle-api-8.11.1.jar with ClasspathEntrySnapshotTransform
[        ] Transforming kotlin-gradle-plugin-model-1.8.0.jar with ClasspathEntrySnapshotTransform
[        ] Transforming kotlin-gradle-plugin-api-1.8.0-gradle76.jar with ClasspathEntrySnapshotTransform
[        ] Transforming kotlin-gradle-plugin-api-1.8.0.jar with ClasspathEntrySnapshotTransform
[        ] Transforming kotlin-tooling-core-1.8.0.jar with ClasspathEntrySnapshotTransform
[        ] Transforming annotations-13.0.jar with ClasspathEntrySnapshotTransform
[        ] Transforming manifest-merger-31.11.1.jar with ClasspathEntrySnapshotTransform
[        ] Transforming zipflinger-8.11.1.jar with ClasspathEntrySnapshotTransform
[        ] Transforming apksig-8.11.1.jar with ClasspathEntrySnapshotTransform
[        ] Transforming apkzlib-8.11.1.jar with ClasspathEntrySnapshotTransform
[        ] Transforming javawriter-2.5.0.jar with ClasspathEntrySnapshotTransform
[        ] Transforming asm-9.7.1.jar with ClasspathEntrySnapshotTransform
[        ] Transforming kotlin-native-utils-1.8.0.jar with ClasspathEntrySnapshotTransform
[        ] Transforming kotlin-project-model-1.8.0.jar with ClasspathEntrySnapshotTransform
[        ] Transforming kotlin-util-io-1.8.0.jar with ClasspathEntrySnapshotTransform
[        ] Caching disabled for task ':gradle:compileKotlin' because:
[        ]   Build cache is disabled
[        ] Skipping task ':gradle:compileKotlin' as it is up-to-date.
[        ] Resolve mutations for :gradle:compileJava (Thread[#4967,Execution worker,5,main]) started.
[        ] :gradle:compileJava (Thread[#4967,Execution worker,5,main]) started.
[        ] > Task :gradle:compileJava NO-SOURCE
[        ] Skipping task ':gradle:compileJava' as it has no source files and no previous output files.
[        ] Resolve mutations for :gradle:compileGroovy (Thread[#4967,Execution worker,5,main]) started.
[        ] :gradle:compileGroovy (Thread[#4967,Execution worker,5,main]) started.
[        ] > Task :gradle:compileGroovy NO-SOURCE
[        ] Skipping task ':gradle:compileGroovy' as it has no source files and no previous output files.
[        ] Resolve mutations for :gradle:pluginDescriptors (Thread[#4967,Execution worker,5,main]) started.
[        ] :gradle:pluginDescriptors (Thread[#4967,Execution worker,5,main]) started.
[        ] > Task :gradle:pluginDescriptors UP-TO-DATE
[        ] Caching disabled for task ':gradle:pluginDescriptors' because:
[        ]   Build cache is disabled
[        ] Skipping task ':gradle:pluginDescriptors' as it is up-to-date.
[        ] Resolve mutations for :gradle:processResources (Thread[#4967,Execution worker,5,main]) started.
[        ] :gradle:processResources (Thread[#4967,Execution worker,5,main]) started.
[        ] > Task :gradle:processResources UP-TO-DATE
[        ] Caching disabled for task ':gradle:processResources' because:
[        ]   Build cache is disabled
[        ] Skipping task ':gradle:processResources' as it is up-to-date.
[        ] Resolve mutations for :gradle:classes (Thread[#4967,Execution worker,5,main]) started.
[        ] :gradle:classes (Thread[#4967,Execution worker,5,main]) started.
[        ] > Task :gradle:classes UP-TO-DATE
[        ] Skipping task ':gradle:classes' as it has no actions.
[        ] Resolve mutations for :gradle:jar (Thread[#4967,Execution worker,5,main]) started.
[        ] :gradle:jar (Thread[#4967,Execution worker,5,main]) started.
[        ] > Task :gradle:jar UP-TO-DATE
[        ] Caching disabled for task ':gradle:jar' because:
[        ]   Build cache is disabled
[        ] Skipping task ':gradle:jar' as it is up-to-date.
[        ] The configuration classpath is both resolvable and consumable. This is considered a legacy configuration and it will eventually only be possible to be one of these.
[        ] The configuration classpath is both consumable and declarable. This combination is incorrect, only one of these flags should be set.
[  +79 ms] Settings evaluated using settings file '/Users/atharvainteractives/.gemini/antigravity/scratch/sahaayak/flutter_sahaayak/android/settings.gradle'.
[        ] Projects loaded. Root project using build file '/Users/atharvainteractives/.gemini/antigravity/scratch/sahaayak/flutter_sahaayak/android/build.gradle'.
[        ] Included projects: [root project 'android', project ':app', project ':path_provider_android', project ':shared_preferences_android']
[   +2 ms] > Configure project :
[        ] Evaluating root project 'android' using build file '/Users/atharvainteractives/.gemini/antigravity/scratch/sahaayak/flutter_sahaayak/android/build.gradle'.
[ +199 ms] > Configure project :app
[        ] Evaluating project ':app' using build file '/Users/atharvainteractives/.gemini/antigravity/scratch/sahaayak/flutter_sahaayak/android/app/build.gradle'.
[        ] Using default execution profile
[        ] Using Kotlin Gradle Plugin gradle81 variant
[        ] C/C++: android.ndkVersion from module build.gradle is [25.1.8937393]
[        ] C/C++: android.ndkPath from module build.gradle is not set
[        ] C/C++: ndk.dir in local.properties is not set
[        ] C/C++: Not considering ANDROID_NDK_HOME because support was removed after deprecation period.
[        ] C/C++: sdkFolder is /Users/atharvainteractives/Library/Android/sdk
[        ] C/C++: android.ndkVersion from module build.gradle is [25.1.8937393]
[        ] C/C++: android.ndkPath from module build.gradle is not set
[        ] C/C++: ndk.dir in local.properties is not set
[        ] C/C++: Not considering ANDROID_NDK_HOME because support was removed after deprecation period.
[        ] C/C++: sdkFolder is /Users/atharvainteractives/Library/Android/sdk
[        ] C/C++: android.ndkVersion from module build.gradle is [25.1.8937393]
[        ] C/C++: android.ndkPath from module build.gradle is not set
[        ] C/C++: ndk.dir in local.properties is not set
[        ] C/C++: Not considering ANDROID_NDK_HOME because support was removed after deprecation period.
[        ] C/C++: sdkFolder is /Users/atharvainteractives/Library/Android/sdk
[        ] C/C++: android.ndkVersion from module build.gradle is [25.1.8937393]
[        ] C/C++: android.ndkPath from module build.gradle is not set
[        ] C/C++: ndk.dir in local.properties is not set
[        ] C/C++: Not considering ANDROID_NDK_HOME because support was removed after deprecation period.
[        ] C/C++: sdkFolder is /Users/atharvainteractives/Library/Android/sdk
[        ] C/C++: android.ndkVersion from module build.gradle is [25.1.8937393]
[        ] C/C++: android.ndkPath from module build.gradle is not set
[        ] C/C++: ndk.dir in local.properties is not set
[        ] C/C++: Not considering ANDROID_NDK_HOME because support was removed after deprecation period.
[        ] C/C++: sdkFolder is /Users/atharvainteractives/Library/Android/sdk
[        ] C/C++: android.ndkVersion from module build.gradle is [25.1.8937393]
[        ] C/C++: android.ndkPath from module build.gradle is not set
[        ] C/C++: ndk.dir in local.properties is not set
[        ] C/C++: Not considering ANDROID_NDK_HOME because support was removed after deprecation period.
[        ] C/C++: sdkFolder is /Users/atharvainteractives/Library/Android/sdk
[        ] C/C++: android.ndkVersion from module build.gradle is [25.1.8937393]
[        ] C/C++: android.ndkPath from module build.gradle is not set
[        ] C/C++: ndk.dir in local.properties is not set
[        ] C/C++: Not considering ANDROID_NDK_HOME because support was removed after deprecation period.
[        ] C/C++: sdkFolder is /Users/atharvainteractives/Library/Android/sdk
[        ] C/C++: android.ndkVersion from module build.gradle is [25.1.8937393]
[        ] C/C++: android.ndkPath from module build.gradle is not set
[        ] C/C++: ndk.dir in local.properties is not set
[        ] C/C++: Not considering ANDROID_NDK_HOME because support was removed after deprecation period.
[        ] C/C++: sdkFolder is /Users/atharvainteractives/Library/Android/sdk
[        ] C/C++: android.ndkVersion from module build.gradle is [25.1.8937393]
[        ] C/C++: android.ndkPath from module build.gradle is not set
[        ] C/C++: ndk.dir in local.properties is not set
[        ] C/C++: Not considering ANDROID_NDK_HOME because support was removed after deprecation period.
[        ] C/C++: sdkFolder is /Users/atharvainteractives/Library/Android/sdk
[        ] C/C++: android.ndkVersion from module build.gradle is [25.1.8937393]
[        ] C/C++: android.ndkPath from module build.gradle is not set
[   +2 ms] C/C++: ndk.dir in local.properties is not set
[        ] C/C++: Not considering ANDROID_NDK_HOME because support was removed after deprecation period.
[        ] C/C++: sdkFolder is /Users/atharvainteractives/Library/Android/sdk
[        ] C/C++: android.ndkVersion from module build.gradle is [25.1.8937393]
[        ] C/C++: android.ndkPath from module build.gradle is not set
[        ] C/C++: ndk.dir in local.properties is not set
[        ] C/C++: Not considering ANDROID_NDK_HOME because support was removed after deprecation period.
[        ] C/C++: sdkFolder is /Users/atharvainteractives/Library/Android/sdk
[        ] C/C++: android.ndkVersion from module build.gradle is [25.1.8937393]
[        ] C/C++: android.ndkPath from module build.gradle is not set
[        ] C/C++: ndk.dir in local.properties is not set
[        ] C/C++: Not considering ANDROID_NDK_HOME because support was removed after deprecation period.
[        ] C/C++: sdkFolder is /Users/atharvainteractives/Library/Android/sdk
[        ] C/C++: android.ndkVersion from module build.gradle is [25.1.8937393]
[        ] C/C++: android.ndkPath from module build.gradle is not set
[        ] C/C++: ndk.dir in local.properties is not set
[        ] C/C++: Not considering ANDROID_NDK_HOME because support was removed after deprecation period.
[        ] C/C++: sdkFolder is /Users/atharvainteractives/Library/Android/sdk
[        ] C/C++: android.ndkVersion from module build.gradle is [25.1.8937393]
[        ] C/C++: android.ndkPath from module build.gradle is not set
[        ] C/C++: ndk.dir in local.properties is not set
[        ] C/C++: Not considering ANDROID_NDK_HOME because support was removed after deprecation period.
[        ] C/C++: sdkFolder is /Users/atharvainteractives/Library/Android/sdk
[        ] C/C++: android.ndkVersion from module build.gradle is [25.1.8937393]
[        ] C/C++: android.ndkPath from module build.gradle is not set
[        ] C/C++: ndk.dir in local.properties is not set
[        ] C/C++: Not considering ANDROID_NDK_HOME because support was removed after deprecation period.
[        ] C/C++: sdkFolder is /Users/atharvainteractives/Library/Android/sdk
[        ] C/C++: android.ndkVersion from module build.gradle is [25.1.8937393]
[        ] C/C++: android.ndkPath from module build.gradle is not set
[        ] C/C++: ndk.dir in local.properties is not set
[        ] C/C++: Not considering ANDROID_NDK_HOME because support was removed after deprecation period.
[        ] C/C++: sdkFolder is /Users/atharvainteractives/Library/Android/sdk
[        ] Parsed shrinker version: 8.2.42
[   +1 ms] Warning: Flutter support for your project's Gradle version (8.3.0) will soon be dropped. Please upgrade your Gradle version to a version of at least 8.7.0 soon.
[   +3 ms] Alternatively, use the flag "--android-skip-build-dependency-validation" to bypass this check.
[        ] Potential fix: Your project's gradle version is typically defined in the gradle wrapper file. By default, this can be found at /Users/atharvainteractives/.gemini/antigravity/scratch/sahaayak/flutter_sahaayak/android/gradle/wrapper/gradle-wrapper.properties. 
[        ] For more information, see https://docs.gradle.org/current/userguide/gradle_wrapper.html.
[        ] Warning: Flutter support for your project's Android Gradle Plugin version (Android Gradle Plugin version 8.2.1) will soon be dropped. Please upgrade your Android Gradle Plugin version to a version of at least Android Gradle Plugin version 8.6.0 soon.
[        ] Alternatively, use the flag "--android-skip-build-dependency-validation" to bypass this check.
[        ] Potential fix: Your project's AGP version is typically defined in the plugins block of the `settings.gradle` file (/Users/atharvainteractives/.gemini/antigravity/scratch/sahaayak/flutter_sahaayak/android/settings.gradle), by a plugin with the id of com.android.application. 
[        ] If you don't see a plugins block, your project was likely created with an older template version. In this case it is most likely defined in the top-level build.gradle file (/Users/atharvainteractives/.gemini/antigravity/scratch/sahaayak/flutter_sahaayak/android/build.gradle) by the following line in the dependencies block of the buildscript: "classpath 'com.android.tools.build:gradle:<version>'".
[        ] Warning: Flutter support for your project's Kotlin version (1.9.0) will soon be dropped. Please upgrade your Kotlin version to a version of at least 2.1.0 soon.
[        ] Alternatively, use the flag "--android-skip-build-dependency-validation" to bypass this check.
[        ] Potential fix: Your project's KGP version is typically defined in the plugins block of the `settings.gradle` file (/Users/atharvainteractives/.gemini/antigravity/scratch/sahaayak/flutter_sahaayak/android/settings.gradle), by a plugin with the id of org.jetbrains.kotlin.android. 
[        ] If you don't see a plugins block, your project was likely created with an older template version, in which case it is most likely defined in the top-level build.gradle file (/Users/atharvainteractives/.gemini/antigravity/scratch/sahaayak/flutter_sahaayak/android/build.gradle) by the ext.kotlin_version property.
[  +63 ms] > Configure project :path_provider_android
[        ] Evaluating project ':path_provider_android' using build file '/Users/atharvainteractives/.pub-cache/hosted/pub.dev/path_provider_android-2.2.22/android/build.gradle'.
[        ] The configuration :path_provider_android:classpath is both resolvable and consumable. This is considered a legacy configuration and it will eventually only be possible to be one of these.
[        ] The configuration :path_provider_android:classpath is both consumable and declarable. This combination is incorrect, only one of these flags should be set.
[        ] The configuration :path_provider_android:classpath is both resolvable and consumable. This is considered a legacy configuration and it will eventually only be possible to be one of these.
[        ] The configuration :path_provider_android:classpath is both consumable and declarable. This combination is incorrect, only one of these flags should be set.
[        ] Using default execution profile
[  +96 ms] > Configure project :shared_preferences_android
[        ] Evaluating project ':shared_preferences_android' using build file '/Users/atharvainteractives/.pub-cache/hosted/pub.dev/shared_preferences_android-2.4.20/android/build.gradle'.
[        ] The configuration :shared_preferences_android:classpath is both resolvable and consumable. This is considered a legacy configuration and it will eventually only be possible to be one of these.
[        ] The configuration :shared_preferences_android:classpath is both consumable and declarable. This combination is incorrect, only one of these flags should be set.
[        ] The configuration :shared_preferences_android:classpath is both resolvable and consumable. This is considered a legacy configuration and it will eventually only be possible to be one of these.
[        ] The configuration :shared_preferences_android:classpath is both consumable and declarable. This combination is incorrect, only one of these flags should be set.
[        ] Using default execution profile
[        ] Using Kotlin Gradle Plugin gradle81 variant
[        ] All projects evaluated.
[        ] The configuration :classpath is both resolvable and consumable. This is considered a legacy configuration and it will eventually only be possible to be one of these.
[        ] The configuration :classpath is both consumable and declarable. This combination is incorrect, only one of these flags should be set.
[        ] The configuration :classpath is both resolvable and consumable. This is considered a legacy configuration and it will eventually only be possible to be one of these.
[        ] The configuration :classpath is both consumable and declarable. This combination is incorrect, only one of these flags should be set.
[        ] The configuration :classpath is both resolvable and consumable. This is considered a legacy configuration and it will eventually only be possible to be one of these.
[        ] The configuration :classpath is both consumable and declarable. This combination is incorrect, only one of these flags should be set.
[        ] The configuration :classpath is both resolvable and consumable. This is considered a legacy configuration and it will eventually only be possible to be one of these.
[        ] The configuration :classpath is both consumable and declarable. This combination is incorrect, only one of these flags should be set.
[        ] The configuration :classpath is both resolvable and consumable. This is considered a legacy configuration and it will eventually only be possible to be one of these.
[        ] The configuration :classpath is both consumable and declarable. This combination is incorrect, only one of these flags should be set.
[        ] The configuration :classpath is both resolvable and consumable. This is considered a legacy configuration and it will eventually only be possible to be one of these.
[        ] The configuration :classpath is both consumable and declarable. This combination is incorrect, only one of these flags should be set.
[        ] The configuration :app:classpath is both resolvable and consumable. This is considered a legacy configuration and it will eventually only be possible to be one of these.
[        ] The configuration :app:classpath is both consumable and declarable. This combination is incorrect, only one of these flags should be set.
[        ] The configuration :app:classpath is both resolvable and consumable. This is considered a legacy configuration and it will eventually only be possible to be one of these.
[        ] The configuration :app:classpath is both consumable and declarable. This combination is incorrect, only one of these flags should be set.
[        ] The configuration :app:classpath is both resolvable and consumable. This is considered a legacy configuration and it will eventually only be possible to be one of these.
[        ] The configuration :app:classpath is both consumable and declarable. This combination is incorrect, only one of these flags should be set.
[        ] The configuration :app:classpath is both resolvable and consumable. This is considered a legacy configuration and it will eventually only be possible to be one of these.
[        ] The configuration :app:classpath is both consumable and declarable. This combination is incorrect, only one of these flags should be set.
[        ] The configuration :app:classpath is both resolvable and consumable. This is considered a legacy configuration and it will eventually only be possible to be one of these.
[        ] The configuration :app:classpath is both consumable and declarable. This combination is incorrect, only one of these flags should be set.
[        ] The configuration :app:classpath is both resolvable and consumable. This is considered a legacy configuration and it will eventually only be possible to be one of these.
[        ] The configuration :app:classpath is both consumable and declarable. This combination is incorrect, only one of these flags should be set.
[        ] The configuration :path_provider_android:classpath is both resolvable and consumable. This is considered a legacy configuration and it will eventually only be possible to be one of these.
[        ] The configuration :path_provider_android:classpath is both consumable and declarable. This combination is incorrect, only one of these flags should be set.
[        ] The configuration :path_provider_android:classpath is both resolvable and consumable. This is considered a legacy configuration and it will eventually only be possible to be one of these.
[        ] The configuration :path_provider_android:classpath is both consumable and declarable. This combination is incorrect, only one of these flags should be set.
[        ] The configuration :path_provider_android:classpath is both resolvable and consumable. This is considered a legacy configuration and it will eventually only be possible to be one of these.
[        ] The configuration :path_provider_android:classpath is both consumable and declarable. This combination is incorrect, only one of these flags should be set.
[        ] The configuration :path_provider_android:classpath is both resolvable and consumable. This is considered a legacy configuration and it will eventually only be possible to be one of these.
[        ] The configuration :path_provider_android:classpath is both consumable and declarable. This combination is incorrect, only one of these flags should be set.
[        ] The configuration :path_provider_android:classpath is both resolvable and consumable. This is considered a legacy configuration and it will eventually only be possible to be one of these.
[        ] The configuration :path_provider_android:classpath is both consumable and declarable. This combination is incorrect, only one of these flags should be set.
[        ] The configuration :shared_preferences_android:classpath is both resolvable and consumable. This is considered a legacy configuration and it will eventually only be possible to be one of these.
[        ] The configuration :shared_preferences_android:classpath is both consumable and declarable. This combination is incorrect, only one of these flags should be set.
[        ] The configuration :shared_preferences_android:classpath is both resolvable and consumable. This is considered a legacy configuration and it will eventually only be possible to be one of these.
[        ] The configuration :shared_preferences_android:classpath is both consumable and declarable. This combination is incorrect, only one of these flags should be set.
[        ] The configuration :shared_preferences_android:classpath is both resolvable and consumable. This is considered a legacy configuration and it will eventually only be possible to be one of these.
[        ] The configuration :shared_preferences_android:classpath is both consumable and declarable. This combination is incorrect, only one of these flags should be set.
[        ] The configuration :shared_preferences_android:classpath is both resolvable and consumable. This is considered a legacy configuration and it will eventually only be possible to be one of these.
[        ] The configuration :shared_preferences_android:classpath is both consumable and declarable. This combination is incorrect, only one of these flags should be set.
[        ] The configuration :shared_preferences_android:classpath is both resolvable and consumable. This is considered a legacy configuration and it will eventually only be possible to be one of these.
[        ] The configuration :shared_preferences_android:classpath is both consumable and declarable. This combination is incorrect, only one of these flags should be set.
[        ] Task name matched 'assembleDebug'
[        ] Selected primary task 'assembleDebug' from project :
[  +83 ms] WARNING: We recommend using a newer Android Gradle plugin to use compileSdk = 36
[        ] This Android Gradle plugin (8.2.1) was tested up to compileSdk = 34.
[        ] You are strongly encouraged to update your project to use a newer
[        ] Android Gradle plugin that has been tested with compileSdk = 36.
[        ] If you are already using the latest version of the Android Gradle plugin,
[        ] you may need to wait until a newer version with support for compileSdk = 36 is available.
[        ] To suppress this warning, add/update
[        ]     android.suppressUnsupportedCompileSdk=36
[        ] to this project's gradle.properties.
[ +103 ms] Tasks to be executed: [task ':app:DebugMinSdkCheck', task ':app:preBuild', task ':app:preDebugBuild', task ':app:mergeDebugNativeDebugMetadata', task ':app:compileFlutterBuildDebug', task ':app:packJniLibsflutterBuildDebug', task ':path_provider_android:preBuild', task ':path_provider_android:preDebugBuild', task ':path_provider_android:writeDebugAarMetadata', task ':shared_preferences_android:preBuild', task ':shared_preferences_android:preDebugBuild', task ':shared_preferences_android:writeDebugAarMetadata', task ':app:checkDebugAarMetadata', task ':app:cleanMergeDebugAssets', task ':app:mergeDebugShaders', task ':app:compileDebugShaders', task ':app:generateDebugAssets', task ':path_provider_android:mergeDebugShaders', task ':path_provider_android:compileDebugShaders', task ':path_provider_android:generateDebugAssets', task ':path_provider_android:packageDebugAssets', task ':shared_preferences_android:mergeDebugShaders', task ':shared_preferences_android:compileDebugShaders', task ':shared_preferences_android:generateDebugAssets', task ':shared_preferences_android:packageDebugAssets', task ':app:mergeDebugAssets', task ':app:copyFlutterAssetsDebug', task ':app:generateDebugResValues', task ':path_provider_android:generateDebugResValues', task ':path_provider_android:generateDebugResources', task ':path_provider_android:packageDebugResources', task ':shared_preferences_android:generateDebugResValues', task ':shared_preferences_android:generateDebugResources', task ':shared_preferences_android:packageDebugResources', task ':app:mapDebugSourceSetPaths', task ':app:generateDebugResources', task ':app:mergeDebugResources', task ':app:packageDebugResources', task ':app:parseDebugLocalResources', task ':app:createDebugCompatibleScreenManifests', task ':app:extractDeepLinksDebug', task ':path_provider_android:extractDeepLinksDebug', task ':path_provider_android:processDebugManifest', task ':shared_preferences_android:extractDeepLinksDebug', task ':shared_preferences_android:processDebugManifest', task ':app:processDebugMainManifest', task ':app:outputDebugAppLinkSettings', task ':app:processDebugManifest', task ':app:processDebugManifestForPackage', task ':path_provider_android:compileDebugLibraryResources', task ':path_provider_android:parseDebugLocalResources', task ':path_provider_android:generateDebugRFile', task ':shared_preferences_android:compileDebugLibraryResources', task ':shared_preferences_android:parseDebugLocalResources', task ':shared_preferences_android:generateDebugRFile', task ':app:processDebugResources', task ':path_provider_android:javaPreCompileDebug', task ':path_provider_android:compileDebugJavaWithJavac', task ':path_provider_android:bundleLibCompileToJarDebug', task ':shared_preferences_android:compileDebugKotlin', task ':shared_preferences_android:javaPreCompileDebug', task ':shared_preferences_android:compileDebugJavaWithJavac', task ':shared_preferences_android:bundleLibCompileToJarDebug', task ':app:compileDebugKotlin', task ':app:javaPreCompileDebug', task ':app:compileDebugJavaWithJavac', task ':app:compressDebugAssets', task ':app:processDebugJavaRes', task ':path_provider_android:processDebugJavaRes', task ':shared_preferences_android:processDebugJavaRes', task ':app:mergeDebugJavaResource', task ':app:checkDebugDuplicateClasses', task ':app:desugarDebugFileDependencies', task ':app:mergeExtDexDebug', task ':path_provider_android:bundleLibRuntimeToDirDebug', task ':shared_preferences_android:bundleLibRuntimeToDirDebug', task ':app:mergeLibDexDebug', task ':app:dexBuilderDebug', task ':app:mergeProjectDexDebug', task ':app:configureCMakeDebug[arm64-v8a]', task ':app:buildCMakeDebug[arm64-v8a]', task ':app:configureCMakeDebug[armeabi-v7a]', task ':app:buildCMakeDebug[armeabi-v7a]', task ':app:configureCMakeDebug[x86_64]', task ':app:buildCMakeDebug[x86_64]', task ':app:mergeDebugJniLibFolders', task ':path_provider_android:mergeDebugJniLibFolders', task ':path_provider_android:mergeDebugNativeLibs', task ':path_provider_android:copyDebugJniLibsProjectOnly', task ':shared_preferences_android:mergeDebugJniLibFolders', task ':shared_preferences_android:mergeDebugNativeLibs', task ':shared_preferences_android:copyDebugJniLibsProjectOnly', task ':app:mergeDebugNativeLibs', task ':app:stripDebugDebugSymbols', task ':app:validateSigningDebug', task ':app:writeDebugAppMetadata', task ':app:writeDebugSigningConfigVersions', task ':app:packageDebug', task ':app:createDebugApkListingFileRedirect', task ':app:assembleDebug', task ':path_provider_android:stripDebugDebugSymbols', task ':path_provider_android:copyDebugJniLibsProjectAndLocalJars', task ':path_provider_android:extractDebugAnnotations', task ':path_provider_android:extractDeepLinksForAarDebug', task ':path_provider_android:mergeDebugGeneratedProguardFiles', task ':path_provider_android:mergeDebugConsumerProguardFiles', task ':path_provider_android:prepareDebugArtProfile', task ':path_provider_android:prepareLintJarForPublish', task ':path_provider_android:mergeDebugJavaResource', task ':path_provider_android:syncDebugLibJars', task ':path_provider_android:bundleDebugAar', task ':path_provider_android:assembleDebug', task ':shared_preferences_android:stripDebugDebugSymbols', task ':shared_preferences_android:copyDebugJniLibsProjectAndLocalJars', task ':shared_preferences_android:extractDebugAnnotations', task ':shared_preferences_android:extractDeepLinksForAarDebug', task ':shared_preferences_android:mergeDebugGeneratedProguardFiles', task ':shared_preferences_android:mergeDebugConsumerProguardFiles', task ':shared_preferences_android:prepareDebugArtProfile', task ':shared_preferences_android:prepareLintJarForPublish', task ':shared_preferences_android:mergeDebugJavaResource', task ':shared_preferences_android:syncDebugLibJars', task ':shared_preferences_android:bundleDebugAar', task ':shared_preferences_android:assembleDebug']
[        ] Tasks that were excluded: []
[        ] work action Parameters of ClassesDirToClassesTransform (Thread[#4971,Execution worker Thread 5,5,main]) started.
[        ] work action Parameters of DexingNoClasspathTransform (Thread[#4971,Execution worker Thread 5,5,main]) started.
[        ] Resolve mutations for :app:DebugMinSdkCheck (Thread[#4971,Execution worker Thread 5,5,main]) started.
[        ] :app:DebugMinSdkCheck (Thread[#4969,Execution worker Thread 3,5,main]) started.
[        ] > Task :app:DebugMinSdkCheck
[        ] Caching disabled for task ':app:DebugMinSdkCheck' because:
[        ]   Build cache is disabled
[        ] Task ':app:DebugMinSdkCheck' is not up-to-date because:
[        ]   Task has not declared any outputs despite executing actions.
[        ] Resolve mutations for :app:preBuild (Thread[#4969,Execution worker Thread 3,5,main]) started.
[        ] :app:preBuild (Thread[#4970,Execution worker Thread 4,5,main]) started.
[        ] > Task :app:preBuild UP-TO-DATE
[        ] Skipping task ':app:preBuild' as it has no actions.
[        ] Resolve mutations for :app:preDebugBuild (Thread[#4970,Execution worker Thread 4,5,main]) started.
[        ] :app:preDebugBuild (Thread[#4972,Execution worker Thread 6,5,main]) started.
[        ] > Task :app:preDebugBuild UP-TO-DATE
[        ] Skipping task ':app:preDebugBuild' as it has no actions.
[        ] Resolve mutations for :app:mergeDebugNativeDebugMetadata (Thread[#4972,Execution worker Thread 6,5,main]) started.
[        ] :app:mergeDebugNativeDebugMetadata (Thread[#4972,Execution worker Thread 6,5,main]) started.
[        ] > Task :app:mergeDebugNativeDebugMetadata NO-SOURCE
[        ] Skipping task ':app:mergeDebugNativeDebugMetadata' as it has no source files and no previous output files.
[        ] Resolve mutations for :app:compileFlutterBuildDebug (Thread[#4972,Execution worker Thread 6,5,main]) started.
[        ] :app:compileFlutterBuildDebug (Thread[#4972,Execution worker Thread 6,5,main]) started.
[+1993 ms] > Task :app:compileFlutterBuildDebug
[        ] Caching disabled for task ':app:compileFlutterBuildDebug' because:
[        ]   Build cache is disabled
[        ] Task ':app:compileFlutterBuildDebug' is not up-to-date because:
[        ]   Task has failed previously.
[        ] Starting process 'command '/usr/local/share/flutter/bin/flutter''. Working directory: /Users/atharvainteractives/.gemini/antigravity/scratch/sahaayak/flutter_sahaayak Command: /usr/local/share/flutter/bin/flutter --verbose assemble --no-version-check --depfile /Users/atharvainteractives/.gemini/antigravity/scratch/sahaayak/flutter_sahaayak/android/app/build/intermediates/flutter/debug/flutter_build.d --output /Users/atharvainteractives/.gemini/antigravity/scratch/sahaayak/flutter_sahaayak/android/app/build/intermediates/flutter/debug -dTargetFile=/Users/atharvainteractives/.gemini/antigravity/scratch/sahaayak/flutter_sahaayak/lib/main.dart -dTargetPlatform=android -dBuildMode=debug -dTrackWidgetCreation=true --DartDefines=RkxVVFRFUl9WRVJTSU9OPTMuNDEuMg==,RkxVVFRFUl9DSEFOTkVMPXN0YWJsZQ==,RkxVVFRFUl9HSVRfVVJMPWh0dHBzOi8vZ2l0aHViLmNvbS9mbHV0dGVyL2ZsdXR0ZXIuZ2l0,RkxVVFRFUl9GUkFNRVdPUktfUkVWSVNJT049OTA2NzNhNGVlZg==,RkxVVFRFUl9FTkdJTkVfUkVWSVNJT049NmMwYmFhZWJmNw==,RkxVVFRFUl9EQVJUX1ZFUlNJT049My4xMS4w -dFlavor= -dAndroidArchs=android-x64 -dMinSdkVersion=24 debug_android_application
[        ] Successfully started process 'command '/usr/local/share/flutter/bin/flutter''
[        ] [  +69 ms] executing: sysctl hw.optional.arm64
[        ] [  +12 ms] Exit code 1 from: sysctl hw.optional.arm64
[        ] [        ] sysctl: unknown oid 'hw.optional.arm64'
[        ] [  +13 ms] Artifact Instance of 'MaterialFonts' is not required, skipping update.
[        ] [        ] Artifact Instance of 'GradleWrapper' is not required, skipping update.
[        ] [        ] Artifact Instance of 'AndroidGenSnapshotArtifacts' is not required, skipping update.
[        ] [        ] Artifact Instance of 'AndroidInternalBuildArtifacts' is not required, skipping update.
[        ] [        ] Artifact Instance of 'IOSEngineArtifacts' is not required, skipping update.
[        ] [        ] Artifact Instance of 'FlutterWebSdk' is not required, skipping update.
[        ] [        ] Artifact Instance of 'LegacyCanvasKitRemover' is not required, skipping update.
[        ] [        ] Artifact Instance of 'FlutterSdk' is not required, skipping update.
[        ] [        ] Artifact Instance of 'WindowsEngineArtifacts' is not required, skipping update.
[        ] [        ] Artifact Instance of 'MacOSEngineArtifacts' is not required, skipping update.
[        ] [        ] Artifact Instance of 'LinuxEngineArtifacts' is not required, skipping update.
[        ] [        ] Artifact Instance of 'LinuxFuchsiaSDKArtifacts' is not required, skipping update.
[        ] [        ] Artifact Instance of 'MacOSFuchsiaSDKArtifacts' is not required, skipping update.
[        ] [        ] Artifact Instance of 'FlutterRunnerSDKArtifacts' is not required, skipping update.
[        ] [        ] Artifact Instance of 'FlutterRunnerDebugSymbols' is not required, skipping update.
[        ] [        ] Artifact Instance of 'IosUsbArtifacts' is not required, skipping update.
[        ] [        ] Artifact Instance of 'IosUsbArtifacts' is not required, skipping update.
[        ] [        ] Artifact Instance of 'IosUsbArtifacts' is not required, skipping update.
[        ] [        ] Artifact Instance of 'IosUsbArtifacts' is not required, skipping update.
[        ] [        ] Artifact Instance of 'IosUsbArtifacts' is not required, skipping update.
[        ] [        ] Artifact Instance of 'IosUsbArtifacts' is not required, skipping update.
[        ] [        ] Artifact Instance of 'FontSubsetArtifacts' is not required, skipping update.
[        ] [        ] Artifact Instance of 'PubDependencies' is not required, skipping update.
[        ] [  +18 ms] Artifact Instance of 'AndroidGenSnapshotArtifacts' is not required, skipping update.
[        ] [        ] Artifact Instance of 'AndroidInternalBuildArtifacts' is not required, skipping update.
[        ] [        ] Artifact Instance of 'IOSEngineArtifacts' is not required, skipping update.
[        ] [        ] Artifact Instance of 'FlutterWebSdk' is not required, skipping update.
[        ] [        ] Artifact Instance of 'FlutterEngineStamp' is not required, skipping update.
[        ] [        ] Artifact Instance of 'LegacyCanvasKitRemover' is not required, skipping update.
[        ] [   +2 ms] Artifact Instance of 'WindowsEngineArtifacts' is not required, skipping update.
[        ] [        ] Artifact Instance of 'MacOSEngineArtifacts' is not required, skipping update.
[        ] [        ] Artifact Instance of 'LinuxEngineArtifacts' is not required, skipping update.
[        ] [        ] Artifact Instance of 'LinuxFuchsiaSDKArtifacts' is not required, skipping update.
[        ] [        ] Artifact Instance of 'MacOSFuchsiaSDKArtifacts' is not required, skipping update.
[        ] [        ] Artifact Instance of 'FlutterRunnerSDKArtifacts' is not required, skipping update.
[        ] [        ] Artifact Instance of 'FlutterRunnerDebugSymbols' is not required, skipping update.
[        ] [  +94 ms] Artifact Instance of 'MaterialFonts' is not required, skipping update.
[        ] [        ] Artifact Instance of 'GradleWrapper' is not required, skipping update.
[        ] [   +2 ms] Artifact Instance of 'AndroidInternalBuildArtifacts' is not required, skipping update.
[        ] [        ] Artifact Instance of 'IOSEngineArtifacts' is not required, skipping update.
[        ] [        ] Artifact Instance of 'FlutterWebSdk' is not required, skipping update.
[        ] [        ] Artifact Instance of 'FlutterEngineStamp' is not required, skipping update.
[        ] [        ] Artifact Instance of 'LegacyCanvasKitRemover' is not required, skipping update.
[        ] [        ] Artifact Instance of 'FlutterSdk' is not required, skipping update.
[        ] [        ] Artifact Instance of 'WindowsEngineArtifacts' is not required, skipping update.
[        ] [        ] Artifact Instance of 'MacOSEngineArtifacts' is not required, skipping update.
[        ] [        ] Artifact Instance of 'LinuxEngineArtifacts' is not required, skipping update.
[        ] [        ] Artifact Instance of 'LinuxFuchsiaSDKArtifacts' is not required, skipping update.
[        ] [        ] Artifact Instance of 'MacOSFuchsiaSDKArtifacts' is not required, skipping update.
[        ] [        ] Artifact Instance of 'FlutterRunnerSDKArtifacts' is not required, skipping update.
[        ] [        ] Artifact Instance of 'FlutterRunnerDebugSymbols' is not required, skipping update.
[        ] [        ] Artifact Instance of 'IosUsbArtifacts' is not required, skipping update.
[        ] [        ] Artifact Instance of 'IosUsbArtifacts' is not required, skipping update.
[        ] [        ] Artifact Instance of 'IosUsbArtifacts' is not required, skipping update.
[        ] [        ] Artifact Instance of 'IosUsbArtifacts' is not required, skipping update.
[        ] [        ] Artifact Instance of 'IosUsbArtifacts' is not required, skipping update.
[        ] [        ] Artifact Instance of 'IosUsbArtifacts' is not required, skipping update.
[        ] [        ] Artifact Instance of 'FontSubsetArtifacts' is not required, skipping update.
[        ] [        ] Artifact Instance of 'PubDependencies' is not required, skipping update.
[        ] [  +47 ms] Initializing file store
[        ] [   +1 ms] Done initializing file store
[        ] [  +41 ms] Skipping target: dart_build
[        ] [   +2 ms] Skipping target: gen_dart_plugin_registrant
[        ] [        ] Skipping target: install_code_assets
[        ] [        ] Skipping target: gen_localizations
[        ] [   +3 ms] kernel_snapshot_program: Starting due to {}
[        ] [  +19 ms] /usr/local/share/flutter/bin/cache/dart-sdk/bin/dartaotruntime /usr/local/share/flutter/bin/cache/dart-sdk/bin/snapshots/frontend_server_aot.dart.snapshot --sdk-root /usr/local/share/flutter/bin/cache/artifacts/engine/common/flutter_patched_sdk/ --target=flutter --no-print-incremental-dependencies -DFLUTTER_VERSION=3.41.2 -DFLUTTER_CHANNEL=stable -DFLUTTER_GIT_URL=https://github.com/flutter/flutter.git -DFLUTTER_FRAMEWORK_REVISION=90673a4eef -DFLUTTER_ENGINE_REVISION=6c0baaebf7 -DFLUTTER_DART_VERSION=3.11.0 -DFLUTTER_APP_FLAVOR= -Ddart.vm.profile=false -Ddart.vm.product=false --enable-asserts --track-widget-creation --no-link-platform --packages /Users/atharvainteractives/.gemini/antigravity/scratch/sahaayak/flutter_sahaayak/.dart_tool/package_config.json --output-dill /Users/atharvainteractives/.gemini/antigravity/scratch/sahaayak/flutter_sahaayak/.dart_tool/flutter_build/e7659eee00fbcbb1e07ec24a8d058cdf/app.dill --depfile /Users/atharvainteractives/.gemini/antigravity/scratch/sahaayak/flutter_sahaayak/.dart_tool/flutter_build/e7659eee00fbcbb1e07ec24a8d058cdf/kernel_snapshot_program.d --incremental --initialize-from-dill /Users/atharvainteractives/.gemini/antigravity/scratch/sahaayak/flutter_sahaayak/.dart_tool/flutter_build/e7659eee00fbcbb1e07ec24a8d058cdf/app.dill --source file:///Users/atharvainteractives/.gemini/antigravity/scratch/sahaayak/flutter_sahaayak/.dart_tool/flutter_build/dart_plugin_registrant.dart --source package:flutter/src/dart_plugin_registrant.dart -Dflutter.dart_plugin_registrant=file:///Users/atharvainteractives/.gemini/antigravity/scratch/sahaayak/flutter_sahaayak/.dart_tool/flutter_build/dart_plugin_registrant.dart --verbosity=error package:flutter_sahaayak/main.dart
[+1196 ms] lib/screens/dashboard_screen.dart:62:7: Error: Duplicated named argument 'actions'.
[        ]       actions: [
[        ]       ^^^^^^^
[+3389 ms] [+5990 ms] lib/screens/dashboard_screen.dart:62:7: Error: Duplicated named argument 'actions'.
[        ] [   +2 ms]       actions: [
[        ] [        ]       ^^^^^^^
[  +13 ms] Unhandled exception:
[        ] Crash when compiling:
[        ] Null check operator used on a null value
[        ] #0      _WidgetCallSiteTransformer._computeLocation (package:kernel/transformations/track_widget_constructor_locations.dart:313)
[        ] #1      _WidgetCallSiteTransformer._addLocationArgument (package:kernel/transformations/track_widget_constructor_locations.dart:256)
[        ] #2      _WidgetCallSiteTransformer.visitConstructorInvocation (package:kernel/transformations/track_widget_constructor_locations.dart:276)
[        ] #3      ConstructorInvocation.accept (package:kernel/src/ast/expressions.dart:2695)
[        ] #4      Transformer.transform (package:kernel/visitor.dart:2114)
[        ] #5      FieldInitializer.transformChildren (package:kernel/src/ast/initializers.dart:114)
[        ] #6      Transformer.defaultTreeNode (package:kernel/visitor.dart:2148)
[        ] #7      TreeVisitorDefault.defaultExpression (package:kernel/visitor.dart:915)
[        ] #8      NamedExpression.accept (package:kernel/src/ast/expressions.dart:1498)
[        ] #9      Transformer.transform (package:kernel/visitor.dart:2114)
[        ] #10     Transformer.transformList (package:kernel/visitor.dart:2131)
[        ] #11     Arguments.transformChildren (package:kernel/src/ast/expressions.dart:1439)
[        ] #12     Transformer.defaultTreeNode (package:kernel/visitor.dart:2148)
[        ] #13     TreeVisitorDefault.defaultExpression (package:kernel/visitor.dart:915)
[        ] #14     Arguments.accept (package:kernel/src/ast/expressions.dart:1423)
[        ] #15     Transformer.transform (package:kernel/visitor.dart:2114)
[        ] #16     RedirectingInitializer.transformChildren (package:kernel/src/ast/initializers.dart:252)
[        ] #17     _WidgetCallSiteTransformer.visitConstructorInvocation (package:kernel/transformations/track_widget_constructor_locations.dart:268)
[        ] #18     ConstructorInvocation.accept (package:kernel/src/ast/expressions.dart:2695)
[        ] #19     Transformer.transform (package:kernel/visitor.dart:2114)
[        ] #20     Transformer.transformList (package:kernel/visitor.dart:2131)
[        ] #21     SetLiteral.transformChildren (package:kernel/src/ast/expressions.dart:4326)
[        ] #22     Transformer.defaultTreeNode (package:kernel/visitor.dart:2148)
[        ] #23     TreeVisitorDefault.defaultExpression (package:kernel/visitor.dart:915)
[        ] #24     ExpressionVisitorDefaultMixin.visitThisExpression (package:kernel/visitor.dart:192)
[        ] #25     ListLiteral.accept (package:kernel/src/ast/expressions.dart:4249)
[        ] #26     Transformer.transform (package:kernel/visitor.dart:2114)
[        ] #27     BlockExpression.transformChildren (package:kernel/src/ast/expressions.dart:4891)
[        ] #28     Transformer.defaultTreeNode (package:kernel/visitor.dart:2148)
[        ] #29     TreeVisitorDefault.defaultExpression (package:kernel/visitor.dart:915)
[        ] #30     ExpressionVisitorDefaultMixin.visitThisExpression (package:kernel/visitor.dart:192)
[        ] #31     BlockExpression.accept (package:kernel/src/ast/expressions.dart:4875)
[        ] #32     Transformer.transform (package:kernel/visitor.dart:2114)
[        ] #33     InvalidExpression.transformChildren (package:kernel/src/ast/expressions.dart:160)
[        ] #34     Transformer.defaultTreeNode (package:kernel/visitor.dart:2148)
[        ] #35     TreeVisitorDefault.defaultExpression (package:kernel/visitor.dart:915)
[        ] #36     ExpressionVisitorDefaultMixin.visitThisExpression (package:kernel/visitor.dart:192)
[        ] #37     InvalidExpression.accept (package:kernel/src/ast/expressions.dart:146)
[        ] #38     Transformer.transform (package:kernel/visitor.dart:2114)
[        ] #39     FieldInitializer.transformChildren (package:kernel/src/ast/initializers.dart:114)
[        ] #40     Transformer.defaultTreeNode (package:kernel/visitor.dart:2148)
[        ] #41     TreeVisitorDefault.defaultExpression (package:kernel/visitor.dart:915)
[        ] #42     NamedExpression.accept (package:kernel/src/ast/expressions.dart:1498)
[        ] #43     Transformer.transform (package:kernel/visitor.dart:2114)
[        ] #44     Transformer.transformList (package:kernel/visitor.dart:2131)
[        ] #45     Arguments.transformChildren (package:kernel/src/ast/expressions.dart:1439)
[        ] #46     Transformer.defaultTreeNode (package:kernel/visitor.dart:2148)
[        ] #47     TreeVisitorDefault.defaultExpression (package:kernel/visitor.dart:915)
[        ] #48     Arguments.accept (package:kernel/src/ast/expressions.dart:1423)
[        ] #49     Transformer.transform (package:kernel/visitor.dart:2114)
[        ] #50     RedirectingInitializer.transformChildren (package:kernel/src/ast/initializers.dart:252)
[        ] #51     _WidgetCallSiteTransformer.visitConstructorInvocation (package:kernel/transformations/track_widget_constructor_locations.dart:268)
[        ] #52     ConstructorInvocation.accept (package:kernel/src/ast/expressions.dart:2695)
[        ] #53     Transformer.transform (package:kernel/visitor.dart:2114)
[        ] #54     ReturnStatement.transformChildren (package:kernel/src/ast/statements.dart:1111)
[        ] #55     Transformer.defaultTreeNode (package:kernel/visitor.dart:2148)
[        ] #56     TreeVisitorDefault.defaultExpression (package:kernel/visitor.dart:915)
[        ] #57     StatementVisitorDefaultMixin.visitAssertBlock (package:kernel/visitor.dart:614)
[        ] #58     ReturnStatement.accept (package:kernel/src/ast/statements.dart:1097)
[        ] #59     Transformer.transform (package:kernel/visitor.dart:2114)
[        ] #60     Transformer.transformList (package:kernel/visitor.dart:2131)
[        ] #61     AssertBlock.transformChildren (package:kernel/src/ast/statements.dart:165)
[        ] #62     Transformer.defaultTreeNode (package:kernel/visitor.dart:2148)
[        ] #63     TreeVisitorDefault.defaultExpression (package:kernel/visitor.dart:915)
[        ] #64     StatementVisitorDefaultMixin.visitAssertBlock (package:kernel/visitor.dart:614)
[        ] #65     Block.accept (package:kernel/src/ast/statements.dart:106)
[        ] #66     Transformer.transform (package:kernel/visitor.dart:2114)
[        ] #67     FunctionNode.transformChildren (package:kernel/src/ast/functions.dart:252)
[        ] #68     Transformer.defaultTreeNode (package:kernel/visitor.dart:2148)
[        ] #69     TreeVisitorDefault.defaultExpression (package:kernel/visitor.dart:915)
[        ] #70     FunctionNode.accept (package:kernel/src/ast/functions.dart:219)
[        ] #71     Transformer.transform (package:kernel/visitor.dart:2114)
[        ] #72     Procedure.transformChildren (package:kernel/src/ast/members.dart:1245)
[        ] #73     _WidgetCallSiteTransformer.visitProcedure (package:kernel/transformations/track_widget_constructor_locations.dart:205)
[        ] #74     Procedure.accept (package:kernel/src/ast/members.dart:1226)
[        ] #75     Transformer.transform (package:kernel/visitor.dart:2114)
[        ] #76     Transformer.transformList (package:kernel/visitor.dart:2131)
[        ] #77     Class.transformChildren (package:kernel/src/ast/declarations.dart:554)
[        ] #78     Transformer.defaultTreeNode (package:kernel/visitor.dart:2148)
[        ] #79     TreeVisitorDefault.defaultExpression (package:kernel/visitor.dart:915)
[        ] #80     Class.accept (package:kernel/src/ast/declarations.dart:500)
[        ] #81     Transformer.transform (package:kernel/visitor.dart:2114)
[        ] #82     Transformer.transformList (package:kernel/visitor.dart:2131)
[        ] #83     Library.transformChildren (package:kernel/src/ast/libraries.dart:342)
[        ] #84     WidgetCreatorTracker.transform (package:kernel/transformations/track_widget_constructor_locations.dart:562)
[        ] #85     FlutterTarget.performPreConstantEvaluationTransformations (package:vm/modular/target/flutter.dart:73)
[        ] #86     KernelTarget.runBuildTransformations (package:front_end/src/kernel/kernel_target.dart:1752)
[        ] #87     KernelTarget.buildComponent.<anonymous closure> (package:front_end/src/kernel/kernel_target.dart:782)
[        ] <asynchronous suspension>
[        ] #88     withCrashReporting (package:front_end/src/base/crash.dart:146)
[        ] <asynchronous suspension>
[        ] #89     KernelTarget.buildComponent (package:front_end/src/kernel/kernel_target.dart:723)
[        ] <asynchronous suspension>
[        ] #90     IncrementalCompiler.computeDelta.<anonymous closure> (package:front_end/src/base/incremental_compiler.dart:439)
[        ] <asynchronous suspension>
[        ] #91     CompilerContext.clear (package:front_end/src/base/compiler_context.dart:92)
[        ] <asynchronous suspension>
[        ] #92     IncrementalCompiler.compile (package:vm/incremental_compiler.dart:86)
[        ] <asynchronous suspension>
[        ] #93     FrontendCompiler.compile (package:frontend_server/frontend_server.dart:674)
[        ] <asynchronous suspension>
[        ] #94     listenAndCompile.<anonymous closure> (package:frontend_server/frontend_server.dart:1449)
[        ] <asynchronous suspension>
[  +56 ms] The Dart compiler exited unexpectedly.
[   +2 ms] 
           #0      throwToolExit (package:flutter_tools/src/base/common.dart:34:3)
           #1      DefaultResidentCompiler._compile.<anonymous closure> (package:flutter_tools/src/compile.dart:927:15)
           #2      _rootRun (dart:async/zone_root.dart:27:47)
           #3      _CustomZone.run (dart:async/zone.dart:726:19)
           #4      _CustomZone.runGuarded (dart:async/zone.dart:625:7)
           #5      _BufferingStreamSubscription._sendDone.sendDone (dart:async/stream_impl.dart:434:13)
           #6      _BufferingStreamSubscription._sendDone (dart:async/stream_impl.dart:444:7)
           #7      _BufferingStreamSubscription._close (dart:async/stream_impl.dart:333:7)
           #8      _SinkTransformerStreamSubscription._close (dart:async/stream_transformers.dart:91:11)
           #9      _EventSinkWrapper.close (dart:async/stream_transformers.dart:21:11)
           #10     _StringAdapterSink.close (dart:convert/string_conversion.dart:241:11)
           #11     _LineSplitterSink.close (dart:convert/line_splitter.dart:144:11)
           #12     _SinkTransformerStreamSubscription._handleDone (dart:async/stream_transformers.dart:136:24)
           #13     _rootRun (dart:async/zone_root.dart:27:47)
           #14     _CustomZone.run (dart:async/zone.dart:726:19)
           #15     _CustomZone.runGuarded (dart:async/zone.dart:625:7)
           #16     _BufferingStreamSubscription._sendDone.sendDone (dart:async/stream_impl.dart:434:13)
           #17     _BufferingStreamSubscription._sendDone (dart:async/stream_impl.dart:444:7)
           #18     _BufferingStreamSubscription._close (dart:async/stream_impl.dart:333:7)
           #19     _SinkTransformerStreamSubscription._close (dart:async/stream_transformers.dart:91:11)
           #20     _EventSinkWrapper.close (dart:async/stream_transformers.dart:21:11)
           #21     _HandlerEventSink.close (dart:async/stream_transformers.dart:258:12)
           #22     _SinkTransformerStreamSubscription._handleDone (dart:async/stream_transformers.dart:136:24)
           #23     _rootRun (dart:async/zone_root.dart:27:47)
           #24     _CustomZone.run (dart:async/zone.dart:726:19)
           #25     _CustomZone.runGuarded (dart:async/zone.dart:625:7)
           #26     _BufferingStreamSubscription._sendDone.sendDone (dart:async/stream_impl.dart:434:13)
           #27     _BufferingStreamSubscription._sendDone (dart:async/stream_impl.dart:444:7)
           #28     _BufferingStreamSubscription._close (dart:async/stream_impl.dart:333:7)
           #29     _SinkTransformerStreamSubscription._close (dart:async/stream_transformers.dart:91:11)
           #30     _EventSinkWrapper.close (dart:async/stream_transformers.dart:21:11)
           #31     _StringAdapterSink.close (dart:convert/string_conversion.dart:241:11)
           #32     _Utf8ConversionSink.close (dart:convert/string_conversion.dart:301:20)
           #33     _ConverterStreamEventSink.close (dart:convert/chunked_conversion.dart:79:18)
           #34     _SinkTransformerStreamSubscription._handleDone (dart:async/stream_transformers.dart:136:24)
           #35     _rootRun (dart:async/zone_root.dart:27:47)
           #36     _CustomZone.run (dart:async/zone.dart:726:19)
           #37     _CustomZone.runGuarded (dart:async/zone.dart:625:7)
           #38     _BufferingStreamSubscription._sendDone.sendDone (dart:async/stream_impl.dart:434:13)
           #39     _BufferingStreamSubscription._sendDone (dart:async/stream_impl.dart:444:7)
           #40     _BufferingStreamSubscription._close (dart:async/stream_impl.dart:333:7)
           #41     _SyncStreamControllerDispatch._sendDone (dart:async/stream_controller.dart:806:19)
           #42     _StreamController._closeUnchecked (dart:async/stream_controller.dart:652:7)
           #43     _StreamController.close (dart:async/stream_controller.dart:645:5)
           #44     _Socket._onData (dart:io-patch/socket_patch.dart:2881:21)
           #45     _rootRunUnary (dart:async/zone_root.dart:56:13)
           #46     _CustomZone.runUnary (dart:async/zone.dart:733:19)
           #47     _CustomZone.runUnaryGuarded (dart:async/zone.dart:633:7)
           #48     _BufferingStreamSubscription._sendData (dart:async/stream_impl.dart:381:11)
           #49     _BufferingStreamSubscription._add (dart:async/stream_impl.dart:312:7)
           #50     _SyncStreamControllerDispatch._sendData (dart:async/stream_controller.dart:798:19)
           #51     _StreamController._add (dart:async/stream_controller.dart:663:7)
           #52     _StreamController.add (dart:async/stream_controller.dart:618:5)
           #53     new _RawSocket.<anonymous closure> (dart:io-patch/socket_patch.dart:2319:33)
           #54     _NativeSocket.issueReadEvent.issue (dart:io-patch/socket_patch.dart:1640:18)
           #55     _microtaskLoop (dart:async/schedule_microtask.dart:40:35)
           #56     _startMicrotaskLoop (dart:async/schedule_microtask.dart:49:5)
           #57     _runPendingImmediateCallback (dart:isolate-patch/isolate_patch.dart:127:13)
           #58     _RawReceivePort._handleMessage (dart:isolate-patch/isolate_patch.dart:194:5)


[        ] Running 3 shutdown hooks
[   +2 ms] Shutdown hooks complete
[  +12 ms] exiting with code 1
